[debug] [2025-11-07T05:53:39.997Z] ----------------------------------------------------------------------
[debug] [2025-11-07T05:53:40.000Z] Command:       C:\Program Files\nodejs\node.exe C:\Users\Google\AppData\Roaming\npm\node_modules\firebase-tools\lib\bin\firebase.js init
[debug] [2025-11-07T05:53:40.000Z] CLI Version:   14.24.0
[debug] [2025-11-07T05:53:40.000Z] Platform:      win32
[debug] [2025-11-07T05:53:40.000Z] Node Version:  v22.20.0
[debug] [2025-11-07T05:53:40.001Z] Time:          Fri Nov 07 2025 11:23:40 GMT+0530 (India Standard Time)
[debug] [2025-11-07T05:53:40.001Z] ----------------------------------------------------------------------
[debug] 
[info] 
     ######## #### ########  ######## ########     ###     ######  ########
     ##        ##  ##     ## ##       ##     ##  ##   ##  ##       ##
     ######    ##  ########  ######   ########  #########  ######  ######
     ##        ##  ##    ##  ##       ##     ## ##     ##       ## ##
     ##       #### ##     ## ######## ########  ##     ##  ######  ########

You're about to initialize a Firebase project in this directory:

  D:\peakime-store

Before we get started, keep in mind:

  * You are initializing within an existing Firebase project directory

[info] 
=== Project Setup
[info] 
[info] First, let's associate this project directory with a Firebase project.
[info] You can create multiple project aliases by running firebase use --add, 
[info] 
[debug] [2025-11-07T05:53:49.363Z] > command requires scopes: ["email","openid","https://www.googleapis.com/auth/cloudplatformprojects.readonly","https://www.googleapis.com/auth/firebase","https://www.googleapis.com/auth/cloud-platform"]
[debug] [2025-11-07T05:53:49.364Z] > authorizing via signed-in user (peakimellp@gmail.com)
[debug] [2025-11-07T05:53:49.365Z] Checked if tokens are valid: true, expires at: 1762498193671
[debug] [2025-11-07T05:53:49.365Z] Checked if tokens are valid: true, expires at: 1762498193671
[debug] [2025-11-07T05:53:49.366Z] >>> [apiv2][query] GET https://firebase.googleapis.com/v1beta1/projects/peakime [none]
[debug] [2025-11-07T05:53:49.773Z] <<< [apiv2][status] GET https://firebase.googleapis.com/v1beta1/projects/peakime 200
[debug] [2025-11-07T05:53:49.773Z] <<< [apiv2][body] GET https://firebase.googleapis.com/v1beta1/projects/peakime {"projectId":"peakime","projectNumber":"562322631061","displayName":"PEAKIME","name":"projects/peakime","resources":{"hostingSite":"peakime","realtimeDatabaseInstance":"peakime-default-rtdb"},"state":"ACTIVE","etag":"1_96a2b285-6dfc-4d06-a50d-f1c80f48765c"}
[info] i  Using project peakime (PEAKIME) . 
[info] 
=== App Hosting Setup
[debug] [2025-11-07T05:53:49.781Z] Checked if tokens are valid: true, expires at: 1762498193671
[debug] [2025-11-07T05:53:49.782Z] Checked if tokens are valid: true, expires at: 1762498193671
[debug] [2025-11-07T05:53:49.782Z] >>> [apiv2][query] GET https://cloudbilling.googleapis.com/v1/projects/peakime/billingInfo [none]
[debug] [2025-11-07T05:53:51.124Z] <<< [apiv2][status] GET https://cloudbilling.googleapis.com/v1/projects/peakime/billingInfo 200
[debug] [2025-11-07T05:53:51.124Z] <<< [apiv2][body] GET https://cloudbilling.googleapis.com/v1/projects/peakime/billingInfo {"name":"projects/peakime/billingInfo","projectId":"peakime","billingAccountName":"billingAccounts/01BD4C-0DAA75-BC9F3C","billingEnabled":true}
[debug] [2025-11-07T05:53:51.126Z] Checked if tokens are valid: true, expires at: 1762498193671
[debug] [2025-11-07T05:53:51.126Z] Checked if tokens are valid: true, expires at: 1762498193671
[debug] [2025-11-07T05:53:51.126Z] >>> [apiv2][query] POST https://iam.googleapis.com/v1/projects/peakime/serviceAccounts/firebase-app-hosting-compute@peakime.iam.gserviceaccount.com:testIamPermissions [none]
[debug] [2025-11-07T05:53:51.126Z] >>> [apiv2][(partial)header] POST https://iam.googleapis.com/v1/projects/peakime/serviceAccounts/firebase-app-hosting-compute@peakime.iam.gserviceaccount.com:testIamPermissions x-goog-quota-user=projects/peakime
[debug] [2025-11-07T05:53:51.126Z] >>> [apiv2][body] POST https://iam.googleapis.com/v1/projects/peakime/serviceAccounts/firebase-app-hosting-compute@peakime.iam.gserviceaccount.com:testIamPermissions {"permissions":["iam.serviceAccounts.actAs"]}
[debug] [2025-11-07T05:53:52.685Z] <<< [apiv2][status] POST https://iam.googleapis.com/v1/projects/peakime/serviceAccounts/firebase-app-hosting-compute@peakime.iam.gserviceaccount.com:testIamPermissions 200
[debug] [2025-11-07T05:53:52.685Z] <<< [apiv2][body] POST https://iam.googleapis.com/v1/projects/peakime/serviceAccounts/firebase-app-hosting-compute@peakime.iam.gserviceaccount.com:testIamPermissions {"permissions":["iam.serviceAccounts.actAs"]}
[debug] [2025-11-07T05:53:52.686Z] Checked if tokens are valid: true, expires at: 1762498193671
[debug] [2025-11-07T05:53:52.686Z] Checked if tokens are valid: true, expires at: 1762498193671
[debug] [2025-11-07T05:53:52.686Z] >>> [apiv2][query] POST https://iam.googleapis.com/v1/projects/peakime/serviceAccounts [none]
[debug] [2025-11-07T05:53:52.686Z] >>> [apiv2][body] POST https://iam.googleapis.com/v1/projects/peakime/serviceAccounts {"accountId":"firebase-app-hosting-compute","serviceAccount":{"displayName":"Firebase App Hosting compute service account","description":"Default service account used to run builds and deploys for Firebase App Hosting"}}
[debug] [2025-11-07T05:53:54.472Z] <<< [apiv2][status] POST https://iam.googleapis.com/v1/projects/peakime/serviceAccounts 409
[debug] [2025-11-07T05:53:54.473Z] <<< [apiv2][body] POST https://iam.googleapis.com/v1/projects/peakime/serviceAccounts [omitted]
[debug] [2025-11-07T05:53:54.473Z] Checked if tokens are valid: true, expires at: 1762498193671
[debug] [2025-11-07T05:53:54.473Z] Checked if tokens are valid: true, expires at: 1762498193671
[debug] [2025-11-07T05:53:54.474Z] >>> [apiv2][query] POST https://cloudresourcemanager.googleapis.com/v1/projects/peakime:getIamPolicy [none]
[debug] [2025-11-07T05:53:55.931Z] <<< [apiv2][status] POST https://cloudresourcemanager.googleapis.com/v1/projects/peakime:getIamPolicy 200
[debug] [2025-11-07T05:53:55.931Z] <<< [apiv2][body] POST https://cloudresourcemanager.googleapis.com/v1/projects/peakime:getIamPolicy {"version":1,"etag":"BwZC+sjtFWI=","bindings":[{"role":"roles/artifactregistry.reader","members":["serviceAccount:562322631061-compute@developer.gserviceaccount.com"]},{"role":"roles/artifactregistry.serviceAgent","members":["serviceAccount:service-562322631061@gcp-sa-artifactregistry.iam.gserviceaccount.com"]},{"role":"roles/artifactregistry.writer","members":["serviceAccount:github-actions-deployer@peakime.iam.gserviceaccount.com"]},{"role":"roles/cloudaicompanion.serviceAgent","members":["serviceAccount:service-562322631061@gcp-sa-cloudaicompanion.iam.gserviceaccount.com"]},{"role":"roles/cloudbuild.builds.builder","members":["serviceAccount:562322631061@cloudbuild.gserviceaccount.com"]},{"role":"roles/cloudbuild.builds.editor","members":["serviceAccount:github-actions-deployer@peakime.iam.gserviceaccount.com"]},{"role":"roles/cloudbuild.serviceAgent","members":["serviceAccount:service-562322631061@gcp-sa-cloudbuild.iam.gserviceaccount.com"]},{"role":"roles/cloudfunctions.admin","members":["serviceAccount:firebase-adminsdk-fbsvc@peakime.iam.gserviceaccount.com"]},{"role":"roles/cloudfunctions.developer","members":["serviceAccount:562322631061-compute@developer.gserviceaccount.com"]},{"role":"roles/cloudfunctions.serviceAgent","members":["serviceAccount:service-562322631061@gcf-admin-robot.iam.gserviceaccount.com"]},{"role":"roles/cloudscheduler.serviceAgent","members":["serviceAccount:service-562322631061@gcp-sa-cloudscheduler.iam.gserviceaccount.com"]},{"role":"roles/compute.serviceAgent","members":["serviceAccount:service-562322631061@compute-system.iam.gserviceaccount.com"]},{"role":"roles/containerregistry.ServiceAgent","members":["serviceAccount:service-562322631061@containerregistry.iam.gserviceaccount.com"]},{"role":"roles/developerconnect.readTokenAccessor","members":["serviceAccount:firebase-app-hosting-compute@peakime.iam.gserviceaccount.com"]},{"role":"roles/editor","members":["serviceAccount:562322631061-compute@developer.gserviceaccount.com","serviceAccount:562322631061@cloudservices.gserviceaccount.com"]},{"role":"roles/eventarc.eventReceiver","members":["serviceAccount:562322631061-compute@developer.gserviceaccount.com"]},{"role":"roles/eventarc.serviceAgent","members":["serviceAccount:service-562322631061@gcp-sa-eventarc.iam.gserviceaccount.com"]},{"role":"roles/firebase.admin","members":["serviceAccount:github-actions-deployer@peakime.iam.gserviceaccount.com"]},{"role":"roles/firebase.analyticsAdmin","members":["serviceAccount:firebase-adminsdk-fbsvc@peakime.iam.gserviceaccount.com"]},{"role":"roles/firebase.managementServiceAgent","members":["serviceAccount:service-562322631061@gcp-sa-firebase.iam.gserviceaccount.com"]},{"role":"roles/firebase.sdkAdminServiceAgent","members":["serviceAccount:firebase-adminsdk-fbsvc@peakime.iam.gserviceaccount.com","serviceAccount:firebase-app-hosting-compute@peakime.iam.gserviceaccount.com"]},{"role":"roles/firebaseabt.admin","members":["serviceAccount:firebase-adminsdk-fbsvc@peakime.iam.gserviceaccount.com"]},{"role":"roles/firebaseappcheck.admin","members":["serviceAccount:firebase-adminsdk-fbsvc@peakime.iam.gserviceaccount.com"]},{"role":"roles/firebaseapphosting.computeRunner","members":["serviceAccount:firebase-app-hosting-compute@peakime.iam.gserviceaccount.com"]},{"role":"roles/firebaseapphosting.serviceAgent","members":["serviceAccount:service-562322631061@gcp-sa-firebaseapphosting.iam.gserviceaccount.com"]},{"role":"roles/firebaseauth.admin","members":["serviceAccount:firebase-adminsdk-fbsvc@peakime.iam.gserviceaccount.com"]},{"role":"roles/firebasedatabase.admin","members":["serviceAccount:firebase-adminsdk-fbsvc@peakime.iam.gserviceaccount.com"]},{"role":"roles/firebasemods.serviceAgent","members":["serviceAccount:service-562322631061@gcp-sa-firebasemods.iam.gserviceaccount.com"]},{"role":"roles/firebaserules.system","members":["serviceAccount:service-562322631061@firebase-rules.iam.gserviceaccount.com"]},{"role":"roles/firestore.serviceAgent","members":["serviceAccount:service-562322631061@gcp-sa-firestore.iam.gserviceaccount.com"]},{"role":"roles/iam.serviceAccountTokenCreator","members":["serviceAccount:firebase-adminsdk-fbsvc@peakime.iam.gserviceaccount.com"]},{"role":"roles/iam.serviceAccountUser","members":["serviceAccount:562322631061-compute@developer.gserviceaccount.com","serviceAccount:github-actions-deployer@peakime.iam.gserviceaccount.com"]},{"role":"roles/identitytoolkit.serviceAgent","members":["serviceAccount:service-562322631061@gcp-sa-identitytoolkit.iam.gserviceaccount.com"]},{"role":"roles/owner","members":["user:peakimellp@gmail.com"]},{"role":"roles/pubsub.publisher","members":["serviceAccount:service-562322631061@gcp-sa-cloudscheduler.iam.gserviceaccount.com"]},{"role":"roles/pubsub.subscriber","members":["serviceAccount:service-562322631061@gcp-sa-eventarc.iam.gserviceaccount.com"]},{"role":"roles/run.admin","members":["serviceAccount:562322631061-compute@developer.gserviceaccount.com","serviceAccount:github-actions-deployer@peakime.iam.gserviceaccount.com"]},{"role":"roles/run.invoker","members":["serviceAccount:service-562322631061@gcp-sa-cloudscheduler.iam.gserviceaccount.com"]},{"role":"roles/run.serviceAgent","members":["serviceAccount:service-562322631061@serverless-robot-prod.iam.gserviceaccount.com"]},{"role":"roles/storage.objectViewer","members":["serviceAccount:firebase-app-hosting-compute@peakime.iam.gserviceaccount.com"]}]}
[debug] [2025-11-07T05:53:55.931Z] Checked if tokens are valid: true, expires at: 1762498193671
[debug] [2025-11-07T05:53:55.931Z] Checked if tokens are valid: true, expires at: 1762498193671
[debug] [2025-11-07T05:53:55.931Z] >>> [apiv2][query] POST https://cloudresourcemanager.googleapis.com/v1/projects/peakime:setIamPolicy [none]
[debug] [2025-11-07T05:53:55.931Z] >>> [apiv2][body] POST https://cloudresourcemanager.googleapis.com/v1/projects/peakime:setIamPolicy {"policy":{"version":1,"etag":"BwZC+sjtFWI=","bindings":[{"role":"roles/artifactregistry.reader","members":["serviceAccount:562322631061-compute@developer.gserviceaccount.com"]},{"role":"roles/artifactregistry.serviceAgent","members":["serviceAccount:service-562322631061@gcp-sa-artifactregistry.iam.gserviceaccount.com"]},{"role":"roles/artifactregistry.writer","members":["serviceAccount:github-actions-deployer@peakime.iam.gserviceaccount.com"]},{"role":"roles/cloudaicompanion.serviceAgent","members":["serviceAccount:service-562322631061@gcp-sa-cloudaicompanion.iam.gserviceaccount.com"]},{"role":"roles/cloudbuild.builds.builder","members":["serviceAccount:562322631061@cloudbuild.gserviceaccount.com"]},{"role":"roles/cloudbuild.builds.editor","members":["serviceAccount:github-actions-deployer@peakime.iam.gserviceaccount.com"]},{"role":"roles/cloudbuild.serviceAgent","members":["serviceAccount:service-562322631061@gcp-sa-cloudbuild.iam.gserviceaccount.com"]},{"role":"roles/cloudfunctions.admin","members":["serviceAccount:firebase-adminsdk-fbsvc@peakime.iam.gserviceaccount.com"]},{"role":"roles/cloudfunctions.developer","members":["serviceAccount:562322631061-compute@developer.gserviceaccount.com"]},{"role":"roles/cloudfunctions.serviceAgent","members":["serviceAccount:service-562322631061@gcf-admin-robot.iam.gserviceaccount.com"]},{"role":"roles/cloudscheduler.serviceAgent","members":["serviceAccount:service-562322631061@gcp-sa-cloudscheduler.iam.gserviceaccount.com"]},{"role":"roles/compute.serviceAgent","members":["serviceAccount:service-562322631061@compute-system.iam.gserviceaccount.com"]},{"role":"roles/containerregistry.ServiceAgent","members":["serviceAccount:service-562322631061@containerregistry.iam.gserviceaccount.com"]},{"role":"roles/developerconnect.readTokenAccessor","members":["serviceAccount:firebase-app-hosting-compute@peakime.iam.gserviceaccount.com"]},{"role":"roles/editor","members":["serviceAccount:562322631061-compute@developer.gserviceaccount.com","serviceAccount:562322631061@cloudservices.gserviceaccount.com"]},{"role":"roles/eventarc.eventReceiver","members":["serviceAccount:562322631061-compute@developer.gserviceaccount.com"]},{"role":"roles/eventarc.serviceAgent","members":["serviceAccount:service-562322631061@gcp-sa-eventarc.iam.gserviceaccount.com"]},{"role":"roles/firebase.admin","members":["serviceAccount:github-actions-deployer@peakime.iam.gserviceaccount.com"]},{"role":"roles/firebase.analyticsAdmin","members":["serviceAccount:firebase-adminsdk-fbsvc@peakime.iam.gserviceaccount.com"]},{"role":"roles/firebase.managementServiceAgent","members":["serviceAccount:service-562322631061@gcp-sa-firebase.iam.gserviceaccount.com"]},{"role":"roles/firebase.sdkAdminServiceAgent","members":["serviceAccount:firebase-adminsdk-fbsvc@peakime.iam.gserviceaccount.com","serviceAccount:firebase-app-hosting-compute@peakime.iam.gserviceaccount.com"]},{"role":"roles/firebaseabt.admin","members":["serviceAccount:firebase-adminsdk-fbsvc@peakime.iam.gserviceaccount.com"]},{"role":"roles/firebaseappcheck.admin","members":["serviceAccount:firebase-adminsdk-fbsvc@peakime.iam.gserviceaccount.com"]},{"role":"roles/firebaseapphosting.computeRunner","members":["serviceAccount:firebase-app-hosting-compute@peakime.iam.gserviceaccount.com"]},{"role":"roles/firebaseapphosting.serviceAgent","members":["serviceAccount:service-562322631061@gcp-sa-firebaseapphosting.iam.gserviceaccount.com"]},{"role":"roles/firebaseauth.admin","members":["serviceAccount:firebase-adminsdk-fbsvc@peakime.iam.gserviceaccount.com"]},{"role":"roles/firebasedatabase.admin","members":["serviceAccount:firebase-adminsdk-fbsvc@peakime.iam.gserviceaccount.com"]},{"role":"roles/firebasemods.serviceAgent","members":["serviceAccount:service-562322631061@gcp-sa-firebasemods.iam.gserviceaccount.com"]},{"role":"roles/firebaserules.system","members":["serviceAccount:service-562322631061@firebase-rules.iam.gserviceaccount.com"]},{"role":"roles/firestore.serviceAgent","members":["serviceAccount:service-562322631061@gcp-sa-firestore.iam.gserviceaccount.com"]},{"role":"roles/iam.serviceAccountTokenCreator","members":["serviceAccount:firebase-adminsdk-fbsvc@peakime.iam.gserviceaccount.com"]},{"role":"roles/iam.serviceAccountUser","members":["serviceAccount:562322631061-compute@developer.gserviceaccount.com","serviceAccount:github-actions-deployer@peakime.iam.gserviceaccount.com"]},{"role":"roles/identitytoolkit.serviceAgent","members":["serviceAccount:service-562322631061@gcp-sa-identitytoolkit.iam.gserviceaccount.com"]},{"role":"roles/owner","members":["user:peakimellp@gmail.com"]},{"role":"roles/pubsub.publisher","members":["serviceAccount:service-562322631061@gcp-sa-cloudscheduler.iam.gserviceaccount.com"]},{"role":"roles/pubsub.subscriber","members":["serviceAccount:service-562322631061@gcp-sa-eventarc.iam.gserviceaccount.com"]},{"role":"roles/run.admin","members":["serviceAccount:562322631061-compute@developer.gserviceaccount.com","serviceAccount:github-actions-deployer@peakime.iam.gserviceaccount.com"]},{"role":"roles/run.invoker","members":["serviceAccount:service-562322631061@gcp-sa-cloudscheduler.iam.gserviceaccount.com"]},{"role":"roles/run.serviceAgent","members":["serviceAccount:service-562322631061@serverless-robot-prod.iam.gserviceaccount.com"]},{"role":"roles/storage.objectViewer","members":["serviceAccount:firebase-app-hosting-compute@peakime.iam.gserviceaccount.com"]}]},"updateMask":"bindings"}
[debug] [2025-11-07T05:53:57.032Z] <<< [apiv2][status] POST https://cloudresourcemanager.googleapis.com/v1/projects/peakime:setIamPolicy 200
[debug] [2025-11-07T05:53:57.032Z] <<< [apiv2][body] POST https://cloudresourcemanager.googleapis.com/v1/projects/peakime:setIamPolicy {"version":1,"etag":"BwZC+s68s9g=","bindings":[{"role":"roles/artifactregistry.reader","members":["serviceAccount:562322631061-compute@developer.gserviceaccount.com"]},{"role":"roles/artifactregistry.serviceAgent","members":["serviceAccount:service-562322631061@gcp-sa-artifactregistry.iam.gserviceaccount.com"]},{"role":"roles/artifactregistry.writer","members":["serviceAccount:github-actions-deployer@peakime.iam.gserviceaccount.com"]},{"role":"roles/cloudaicompanion.serviceAgent","members":["serviceAccount:service-562322631061@gcp-sa-cloudaicompanion.iam.gserviceaccount.com"]},{"role":"roles/cloudbuild.builds.builder","members":["serviceAccount:562322631061@cloudbuild.gserviceaccount.com"]},{"role":"roles/cloudbuild.builds.editor","members":["serviceAccount:github-actions-deployer@peakime.iam.gserviceaccount.com"]},{"role":"roles/cloudbuild.serviceAgent","members":["serviceAccount:service-562322631061@gcp-sa-cloudbuild.iam.gserviceaccount.com"]},{"role":"roles/cloudfunctions.admin","members":["serviceAccount:firebase-adminsdk-fbsvc@peakime.iam.gserviceaccount.com"]},{"role":"roles/cloudfunctions.developer","members":["serviceAccount:562322631061-compute@developer.gserviceaccount.com"]},{"role":"roles/cloudfunctions.serviceAgent","members":["serviceAccount:service-562322631061@gcf-admin-robot.iam.gserviceaccount.com"]},{"role":"roles/cloudscheduler.serviceAgent","members":["serviceAccount:service-562322631061@gcp-sa-cloudscheduler.iam.gserviceaccount.com"]},{"role":"roles/compute.serviceAgent","members":["serviceAccount:service-562322631061@compute-system.iam.gserviceaccount.com"]},{"role":"roles/containerregistry.ServiceAgent","members":["serviceAccount:service-562322631061@containerregistry.iam.gserviceaccount.com"]},{"role":"roles/developerconnect.readTokenAccessor","members":["serviceAccount:firebase-app-hosting-compute@peakime.iam.gserviceaccount.com"]},{"role":"roles/editor","members":["serviceAccount:562322631061-compute@developer.gserviceaccount.com","serviceAccount:562322631061@cloudservices.gserviceaccount.com"]},{"role":"roles/eventarc.eventReceiver","members":["serviceAccount:562322631061-compute@developer.gserviceaccount.com"]},{"role":"roles/eventarc.serviceAgent","members":["serviceAccount:service-562322631061@gcp-sa-eventarc.iam.gserviceaccount.com"]},{"role":"roles/firebase.admin","members":["serviceAccount:github-actions-deployer@peakime.iam.gserviceaccount.com"]},{"role":"roles/firebase.analyticsAdmin","members":["serviceAccount:firebase-adminsdk-fbsvc@peakime.iam.gserviceaccount.com"]},{"role":"roles/firebase.managementServiceAgent","members":["serviceAccount:service-562322631061@gcp-sa-firebase.iam.gserviceaccount.com"]},{"role":"roles/firebase.sdkAdminServiceAgent","members":["serviceAccount:firebase-adminsdk-fbsvc@peakime.iam.gserviceaccount.com","serviceAccount:firebase-app-hosting-compute@peakime.iam.gserviceaccount.com"]},{"role":"roles/firebaseabt.admin","members":["serviceAccount:firebase-adminsdk-fbsvc@peakime.iam.gserviceaccount.com"]},{"role":"roles/firebaseappcheck.admin","members":["serviceAccount:firebase-adminsdk-fbsvc@peakime.iam.gserviceaccount.com"]},{"role":"roles/firebaseapphosting.computeRunner","members":["serviceAccount:firebase-app-hosting-compute@peakime.iam.gserviceaccount.com"]},{"role":"roles/firebaseapphosting.serviceAgent","members":["serviceAccount:service-562322631061@gcp-sa-firebaseapphosting.iam.gserviceaccount.com"]},{"role":"roles/firebaseauth.admin","members":["serviceAccount:firebase-adminsdk-fbsvc@peakime.iam.gserviceaccount.com"]},{"role":"roles/firebasedatabase.admin","members":["serviceAccount:firebase-adminsdk-fbsvc@peakime.iam.gserviceaccount.com"]},{"role":"roles/firebasemods.serviceAgent","members":["serviceAccount:service-562322631061@gcp-sa-firebasemods.iam.gserviceaccount.com"]},{"role":"roles/firebaserules.system","members":["serviceAccount:service-562322631061@firebase-rules.iam.gserviceaccount.com"]},{"role":"roles/firestore.serviceAgent","members":["serviceAccount:service-562322631061@gcp-sa-firestore.iam.gserviceaccount.com"]},{"role":"roles/iam.serviceAccountTokenCreator","members":["serviceAccount:firebase-adminsdk-fbsvc@peakime.iam.gserviceaccount.com"]},{"role":"roles/iam.serviceAccountUser","members":["serviceAccount:562322631061-compute@developer.gserviceaccount.com","serviceAccount:github-actions-deployer@peakime.iam.gserviceaccount.com"]},{"role":"roles/identitytoolkit.serviceAgent","members":["serviceAccount:service-562322631061@gcp-sa-identitytoolkit.iam.gserviceaccount.com"]},{"role":"roles/owner","members":["user:peakimellp@gmail.com"]},{"role":"roles/pubsub.publisher","members":["serviceAccount:service-562322631061@gcp-sa-cloudscheduler.iam.gserviceaccount.com"]},{"role":"roles/pubsub.subscriber","members":["serviceAccount:service-562322631061@gcp-sa-eventarc.iam.gserviceaccount.com"]},{"role":"roles/run.admin","members":["serviceAccount:562322631061-compute@developer.gserviceaccount.com","serviceAccount:github-actions-deployer@peakime.iam.gserviceaccount.com"]},{"role":"roles/run.invoker","members":["serviceAccount:service-562322631061@gcp-sa-cloudscheduler.iam.gserviceaccount.com"]},{"role":"roles/run.serviceAgent","members":["serviceAccount:service-562322631061@serverless-robot-prod.iam.gserviceaccount.com"]},{"role":"roles/storage.objectViewer","members":["serviceAccount:firebase-app-hosting-compute@peakime.iam.gserviceaccount.com"]}]}
[info] i  This command links your local project to Firebase App Hosting. You will be able to deploy your web app with `firebase deploy` after setup. 
[debug] [2025-11-07T05:54:01.887Z] Checked if tokens are valid: true, expires at: 1762498193671
[debug] [2025-11-07T05:54:01.888Z] Checked if tokens are valid: true, expires at: 1762498193671
[debug] [2025-11-07T05:54:01.888Z] >>> [apiv2][query] GET https://firebaseapphosting.googleapis.com/v1beta/projects/peakime/locations/-/backends 
[debug] [2025-11-07T05:54:03.634Z] <<< [apiv2][status] GET https://firebaseapphosting.googleapis.com/v1beta/projects/peakime/locations/-/backends 200
[debug] [2025-11-07T05:54:03.635Z] <<< [apiv2][body] GET https://firebaseapphosting.googleapis.com/v1beta/projects/peakime/locations/-/backends {}
[debug] [2025-11-07T06:01:44.170Z] ExitPromptError: User force closed the prompt with SIGINT
    at Interface.sigint (C:\Users\Google\AppData\Roaming\npm\node_modules\firebase-tools\node_modules\@inquirer\core\dist\commonjs\lib\create-prompt.js:101:37)
    at Interface.emit (node:events:519:28)
    at Interface.emit (node:domain:489:12)
    at [_ttyWrite] [as _ttyWrite] (node:internal/readline/interface:1128:18)
    at ReadStream.onkeypress (node:internal/readline/interface:271:20)
    at ReadStream.emit (node:events:531:35)
    at ReadStream.emit (node:domain:489:12)
    at emitKeys (node:internal/readline/utils:370:14)
    at emitKeys.next (<anonymous>)
    at ReadStream.onData (node:internal/readline/emitKeypressEvents:64:36)
[error] 
[error] Error: An unexpected error has occurred.
[debug] [2025-11-07T06:06:53.590Z] ----------------------------------------------------------------------
[debug] [2025-11-07T06:06:53.593Z] Command:       C:\Program Files\nodejs\node.exe C:\Users\Google\AppData\Roaming\npm\node_modules\firebase-tools\lib\bin\firebase.js deploy
[debug] [2025-11-07T06:06:53.594Z] CLI Version:   14.24.0
[debug] [2025-11-07T06:06:53.594Z] Platform:      win32
[debug] [2025-11-07T06:06:53.594Z] Node Version:  v22.20.0
[debug] [2025-11-07T06:06:53.594Z] Time:          Fri Nov 07 2025 11:36:53 GMT+0530 (India Standard Time)
[debug] [2025-11-07T06:06:53.594Z] ----------------------------------------------------------------------
[debug] 
[debug] [2025-11-07T06:06:53.934Z] > command requires scopes: ["email","openid","https://www.googleapis.com/auth/cloudplatformprojects.readonly","https://www.googleapis.com/auth/firebase","https://www.googleapis.com/auth/cloud-platform"]
[debug] [2025-11-07T06:06:53.935Z] > authorizing via signed-in user (peakimellp@gmail.com)
[debug] [2025-11-07T06:06:53.935Z] [iam] checking project peakime for permissions ["cloudfunctions.functions.create","cloudfunctions.functions.delete","cloudfunctions.functions.get","cloudfunctions.functions.list","cloudfunctions.functions.update","cloudfunctions.operations.get","firebase.projects.get","firebasehosting.sites.update"]
[debug] [2025-11-07T06:06:53.938Z] Checked if tokens are valid: true, expires at: 1762498193671
[debug] [2025-11-07T06:06:53.938Z] Checked if tokens are valid: true, expires at: 1762498193671
[debug] [2025-11-07T06:06:53.940Z] >>> [apiv2][query] POST https://cloudresourcemanager.googleapis.com/v1/projects/peakime:testIamPermissions [none]
[debug] [2025-11-07T06:06:53.940Z] >>> [apiv2][(partial)header] POST https://cloudresourcemanager.googleapis.com/v1/projects/peakime:testIamPermissions x-goog-quota-user=projects/peakime
[debug] [2025-11-07T06:06:53.940Z] >>> [apiv2][body] POST https://cloudresourcemanager.googleapis.com/v1/projects/peakime:testIamPermissions {"permissions":["cloudfunctions.functions.create","cloudfunctions.functions.delete","cloudfunctions.functions.get","cloudfunctions.functions.list","cloudfunctions.functions.update","cloudfunctions.operations.get","firebase.projects.get","firebasehosting.sites.update"]}
[debug] [2025-11-07T06:06:55.343Z] <<< [apiv2][status] POST https://cloudresourcemanager.googleapis.com/v1/projects/peakime:testIamPermissions 200
[debug] [2025-11-07T06:06:55.343Z] <<< [apiv2][body] POST https://cloudresourcemanager.googleapis.com/v1/projects/peakime:testIamPermissions {"permissions":["cloudfunctions.functions.create","cloudfunctions.functions.delete","cloudfunctions.functions.get","cloudfunctions.functions.list","cloudfunctions.functions.update","cloudfunctions.operations.get","firebase.projects.get","firebasehosting.sites.update"]}
[debug] [2025-11-07T06:06:55.343Z] Checked if tokens are valid: true, expires at: 1762498193671
[debug] [2025-11-07T06:06:55.343Z] Checked if tokens are valid: true, expires at: 1762498193671
[debug] [2025-11-07T06:06:55.344Z] >>> [apiv2][query] POST https://iam.googleapis.com/v1/projects/peakime/serviceAccounts/peakime@appspot.gserviceaccount.com:testIamPermissions [none]
[debug] [2025-11-07T06:06:55.344Z] >>> [apiv2][body] POST https://iam.googleapis.com/v1/projects/peakime/serviceAccounts/peakime@appspot.gserviceaccount.com:testIamPermissions {"permissions":["iam.serviceAccounts.actAs"]}
[debug] [2025-11-07T06:06:57.042Z] <<< [apiv2][status] POST https://iam.googleapis.com/v1/projects/peakime/serviceAccounts/peakime@appspot.gserviceaccount.com:testIamPermissions 404
[debug] [2025-11-07T06:06:57.043Z] <<< [apiv2][body] POST https://iam.googleapis.com/v1/projects/peakime/serviceAccounts/peakime@appspot.gserviceaccount.com:testIamPermissions {"error":{"code":404,"message":"Unknown service account","status":"NOT_FOUND"}}
[debug] [2025-11-07T06:06:57.043Z] [functions] service account IAM check errored, deploy may fail: Request to https://iam.googleapis.com/v1/projects/peakime/serviceAccounts/peakime@appspot.gserviceaccount.com:testIamPermissions had HTTP Error: 404, Unknown service account {"name":"FirebaseError","children":[],"context":{"body":{"error":{"code":404,"message":"Unknown service account","status":"NOT_FOUND"}},"response":{"statusCode":404}},"exit":1,"message":"Request to https://iam.googleapis.com/v1/projects/peakime/serviceAccounts/peakime@appspot.gserviceaccount.com:testIamPermissions had HTTP Error: 404, Unknown service account","status":404}
[debug] [2025-11-07T06:06:57.044Z] Checked if tokens are valid: true, expires at: 1762498193671
[debug] [2025-11-07T06:06:57.044Z] Checked if tokens are valid: true, expires at: 1762498193671
[debug] [2025-11-07T06:06:57.044Z] >>> [apiv2][query] GET https://firebase.googleapis.com/v1beta1/projects/peakime [none]
[debug] [2025-11-07T06:06:58.340Z] <<< [apiv2][status] GET https://firebase.googleapis.com/v1beta1/projects/peakime 200
[debug] [2025-11-07T06:06:58.340Z] <<< [apiv2][body] GET https://firebase.googleapis.com/v1beta1/projects/peakime {"projectId":"peakime","projectNumber":"562322631061","displayName":"PEAKIME","name":"projects/peakime","resources":{"hostingSite":"peakime","realtimeDatabaseInstance":"peakime-default-rtdb"},"state":"ACTIVE","etag":"1_96a2b285-6dfc-4d06-a50d-f1c80f48765c"}
[debug] [2025-11-07T06:07:01.281Z] defaultcredentials: writing to file C:\Users\Google\AppData\Roaming\firebase\peakimellp_gmail_com_application_default_credentials.json
[debug] [2025-11-07T06:07:01.283Z] Checked if tokens are valid: true, expires at: 1762498193671
[debug] [2025-11-07T06:07:01.283Z] Checked if tokens are valid: true, expires at: 1762498193671
[debug] [2025-11-07T06:07:01.284Z] >>> [apiv2][query] GET https://firebasehosting.googleapis.com/v1beta1/projects/peakime/sites pageToken=&pageSize=10
[debug] [2025-11-07T06:07:02.332Z] <<< [apiv2][status] GET https://firebasehosting.googleapis.com/v1beta1/projects/peakime/sites 200
[debug] [2025-11-07T06:07:02.332Z] <<< [apiv2][body] GET https://firebasehosting.googleapis.com/v1beta1/projects/peakime/sites {"sites":[{"name":"projects/peakime/sites/peakime","defaultUrl":"https://peakime.web.app","appId":"1:562322631061:web:644949376eaf184c28ae9c","type":"DEFAULT_SITE"}]}
[debug] [2025-11-07T06:07:02.332Z] Checked if tokens are valid: true, expires at: 1762498193671
[debug] [2025-11-07T06:07:02.332Z] Checked if tokens are valid: true, expires at: 1762498193671
[debug] [2025-11-07T06:07:02.333Z] >>> [apiv2][query] GET https://firebase.googleapis.com/v1beta1/projects/-/webApps/1:562322631061:web:644949376eaf184c28ae9c/config [none]
[debug] [2025-11-07T06:07:03.192Z] <<< [apiv2][status] GET https://firebase.googleapis.com/v1beta1/projects/-/webApps/1:562322631061:web:644949376eaf184c28ae9c/config 200
[debug] [2025-11-07T06:07:03.192Z] <<< [apiv2][body] GET https://firebase.googleapis.com/v1beta1/projects/-/webApps/1:562322631061:web:644949376eaf184c28ae9c/config {"projectId":"peakime","appId":"1:562322631061:web:644949376eaf184c28ae9c","databaseURL":"https://peakime-default-rtdb.firebaseio.com","storageBucket":"peakime.firebasestorage.app","apiKey":"AIzaSyBBSpbf8-e3VwIGCGhyhSeM3zh_QPGVUU4","authDomain":"peakime.firebaseapp.com","messagingSenderId":"562322631061","measurementId":"G-P0XRTQY11E","projectNumber":"562322631061","version":"2"}
[info] 
   Thank you for trying our early preview of Next.js support on Firebase Hosting.
   During the preview, support is best-effort and breaking changes can be expected. Proceed with caution.
   The integration is known to work with Next.js version 12 - 15.0. You may encounter errors.

   Documentation: https://firebase.google.com/docs/hosting/frameworks/nextjs
   File a bug: https://github.com/firebase/firebase-tools/issues/new?template=bug_report.md
   Submit a feature request: https://github.com/firebase/firebase-tools/issues/new?template=feature_request.md

   We'd love to learn from you. Express your interest in helping us shape the future of Firebase Hosting: https://goo.gle/41enW5X

[debug] [2025-11-07T06:07:09.299Z] Checked if tokens are valid: true, expires at: 1762498193671
[debug] [2025-11-07T06:07:09.299Z] Checked if tokens are valid: true, expires at: 1762498193671
[debug] [2025-11-07T06:07:09.299Z] >>> [apiv2][query] GET https://firebasehosting.googleapis.com/v1beta1/projects/peakime/sites/peakime [none]
[debug] [2025-11-07T06:07:10.177Z] <<< [apiv2][status] GET https://firebasehosting.googleapis.com/v1beta1/projects/peakime/sites/peakime 200
[debug] [2025-11-07T06:07:10.177Z] <<< [apiv2][body] GET https://firebasehosting.googleapis.com/v1beta1/projects/peakime/sites/peakime {"name":"projects/peakime/sites/peakime","defaultUrl":"https://peakime.web.app","appId":"1:562322631061:web:644949376eaf184c28ae9c","type":"DEFAULT_SITE"}
[info]    ▲ Next.js 15.5.6

[info]    - Experiments (use with caution):
     · serverActions


[info]    Creating an optimized production build ...

[info]  ✓ Compiled successfully in 4.3s

[info]    Linting and checking validity of types ...

[info] Failed to compile.


[info] ./app/(main)/checkout/page.tsx:74:35
Type error: Property 'productId' does not exist on type 'CartItem'.

  72 |         {
  73 |           items: cartItems.map(item => ({
> 74 |             _id: item._id || item.productId,
     |                                   ^
  75 |             productId: item._id || item.productId,
  76 |             quantity: item.quantity,
  77 |           })),

[info] Next.js build worker exited with code: 1 and signal: null

[debug] [2025-11-07T06:07:27.902Z] Error: ENOENT: no such file or directory, open 'D:\peakime-store\.next\export-marker.json'
[error] 
[error] Error: An unexpected error has occurred.
[debug] [2025-11-07T06:08:24.269Z] ----------------------------------------------------------------------
[debug] [2025-11-07T06:08:24.272Z] Command:       C:\Program Files\nodejs\node.exe C:\Users\Google\AppData\Roaming\npm\node_modules\firebase-tools\lib\bin\firebase.js deploy
[debug] [2025-11-07T06:08:24.272Z] CLI Version:   14.24.0
[debug] [2025-11-07T06:08:24.273Z] Platform:      win32
[debug] [2025-11-07T06:08:24.273Z] Node Version:  v22.20.0
[debug] [2025-11-07T06:08:24.273Z] Time:          Fri Nov 07 2025 11:38:24 GMT+0530 (India Standard Time)
[debug] [2025-11-07T06:08:24.273Z] ----------------------------------------------------------------------
[debug] 
[debug] [2025-11-07T06:08:24.506Z] > command requires scopes: ["email","openid","https://www.googleapis.com/auth/cloudplatformprojects.readonly","https://www.googleapis.com/auth/firebase","https://www.googleapis.com/auth/cloud-platform"]
[debug] [2025-11-07T06:08:24.506Z] > authorizing via signed-in user (peakimellp@gmail.com)
[debug] [2025-11-07T06:08:24.506Z] [iam] checking project peakime for permissions ["cloudfunctions.functions.create","cloudfunctions.functions.delete","cloudfunctions.functions.get","cloudfunctions.functions.list","cloudfunctions.functions.update","cloudfunctions.operations.get","firebase.projects.get","firebasehosting.sites.update"]
[debug] [2025-11-07T06:08:24.508Z] Checked if tokens are valid: true, expires at: 1762498193671
[debug] [2025-11-07T06:08:24.508Z] Checked if tokens are valid: true, expires at: 1762498193671
[debug] [2025-11-07T06:08:24.509Z] >>> [apiv2][query] POST https://cloudresourcemanager.googleapis.com/v1/projects/peakime:testIamPermissions [none]
[debug] [2025-11-07T06:08:24.509Z] >>> [apiv2][(partial)header] POST https://cloudresourcemanager.googleapis.com/v1/projects/peakime:testIamPermissions x-goog-quota-user=projects/peakime
[debug] [2025-11-07T06:08:24.509Z] >>> [apiv2][body] POST https://cloudresourcemanager.googleapis.com/v1/projects/peakime:testIamPermissions {"permissions":["cloudfunctions.functions.create","cloudfunctions.functions.delete","cloudfunctions.functions.get","cloudfunctions.functions.list","cloudfunctions.functions.update","cloudfunctions.operations.get","firebase.projects.get","firebasehosting.sites.update"]}
[debug] [2025-11-07T06:08:25.863Z] <<< [apiv2][status] POST https://cloudresourcemanager.googleapis.com/v1/projects/peakime:testIamPermissions 200
[debug] [2025-11-07T06:08:25.863Z] <<< [apiv2][body] POST https://cloudresourcemanager.googleapis.com/v1/projects/peakime:testIamPermissions {"permissions":["cloudfunctions.functions.create","cloudfunctions.functions.delete","cloudfunctions.functions.get","cloudfunctions.functions.list","cloudfunctions.functions.update","cloudfunctions.operations.get","firebase.projects.get","firebasehosting.sites.update"]}
[debug] [2025-11-07T06:08:25.863Z] Checked if tokens are valid: true, expires at: 1762498193671
[debug] [2025-11-07T06:08:25.863Z] Checked if tokens are valid: true, expires at: 1762498193671
[debug] [2025-11-07T06:08:25.864Z] >>> [apiv2][query] POST https://iam.googleapis.com/v1/projects/peakime/serviceAccounts/peakime@appspot.gserviceaccount.com:testIamPermissions [none]
[debug] [2025-11-07T06:08:25.864Z] >>> [apiv2][body] POST https://iam.googleapis.com/v1/projects/peakime/serviceAccounts/peakime@appspot.gserviceaccount.com:testIamPermissions {"permissions":["iam.serviceAccounts.actAs"]}
[debug] [2025-11-07T06:08:26.253Z] <<< [apiv2][status] POST https://iam.googleapis.com/v1/projects/peakime/serviceAccounts/peakime@appspot.gserviceaccount.com:testIamPermissions 404
[debug] [2025-11-07T06:08:26.254Z] <<< [apiv2][body] POST https://iam.googleapis.com/v1/projects/peakime/serviceAccounts/peakime@appspot.gserviceaccount.com:testIamPermissions {"error":{"code":404,"message":"Unknown service account","status":"NOT_FOUND"}}
[debug] [2025-11-07T06:08:26.254Z] [functions] service account IAM check errored, deploy may fail: Request to https://iam.googleapis.com/v1/projects/peakime/serviceAccounts/peakime@appspot.gserviceaccount.com:testIamPermissions had HTTP Error: 404, Unknown service account {"name":"FirebaseError","children":[],"context":{"body":{"error":{"code":404,"message":"Unknown service account","status":"NOT_FOUND"}},"response":{"statusCode":404}},"exit":1,"message":"Request to https://iam.googleapis.com/v1/projects/peakime/serviceAccounts/peakime@appspot.gserviceaccount.com:testIamPermissions had HTTP Error: 404, Unknown service account","status":404}
[debug] [2025-11-07T06:08:26.255Z] Checked if tokens are valid: true, expires at: 1762498193671
[debug] [2025-11-07T06:08:26.255Z] Checked if tokens are valid: true, expires at: 1762498193671
[debug] [2025-11-07T06:08:26.255Z] >>> [apiv2][query] GET https://firebase.googleapis.com/v1beta1/projects/peakime [none]
[debug] [2025-11-07T06:08:26.660Z] <<< [apiv2][status] GET https://firebase.googleapis.com/v1beta1/projects/peakime 200
[debug] [2025-11-07T06:08:26.660Z] <<< [apiv2][body] GET https://firebase.googleapis.com/v1beta1/projects/peakime {"projectId":"peakime","projectNumber":"562322631061","displayName":"PEAKIME","name":"projects/peakime","resources":{"hostingSite":"peakime","realtimeDatabaseInstance":"peakime-default-rtdb"},"state":"ACTIVE","etag":"1_96a2b285-6dfc-4d06-a50d-f1c80f48765c"}
[debug] [2025-11-07T06:08:29.221Z] defaultcredentials: writing to file C:\Users\Google\AppData\Roaming\firebase\peakimellp_gmail_com_application_default_credentials.json
[debug] [2025-11-07T06:08:29.222Z] Checked if tokens are valid: true, expires at: 1762498193671
[debug] [2025-11-07T06:08:29.222Z] Checked if tokens are valid: true, expires at: 1762498193671
[debug] [2025-11-07T06:08:29.223Z] >>> [apiv2][query] GET https://firebasehosting.googleapis.com/v1beta1/projects/peakime/sites pageToken=&pageSize=10
[debug] [2025-11-07T06:08:30.178Z] <<< [apiv2][status] GET https://firebasehosting.googleapis.com/v1beta1/projects/peakime/sites 200
[debug] [2025-11-07T06:08:30.178Z] <<< [apiv2][body] GET https://firebasehosting.googleapis.com/v1beta1/projects/peakime/sites {"sites":[{"name":"projects/peakime/sites/peakime","defaultUrl":"https://peakime.web.app","appId":"1:562322631061:web:644949376eaf184c28ae9c","type":"DEFAULT_SITE"}]}
[debug] [2025-11-07T06:08:30.178Z] Checked if tokens are valid: true, expires at: 1762498193671
[debug] [2025-11-07T06:08:30.178Z] Checked if tokens are valid: true, expires at: 1762498193671
[debug] [2025-11-07T06:08:30.178Z] >>> [apiv2][query] GET https://firebase.googleapis.com/v1beta1/projects/-/webApps/1:562322631061:web:644949376eaf184c28ae9c/config [none]
[debug] [2025-11-07T06:08:31.575Z] <<< [apiv2][status] GET https://firebase.googleapis.com/v1beta1/projects/-/webApps/1:562322631061:web:644949376eaf184c28ae9c/config 200
[debug] [2025-11-07T06:08:31.575Z] <<< [apiv2][body] GET https://firebase.googleapis.com/v1beta1/projects/-/webApps/1:562322631061:web:644949376eaf184c28ae9c/config {"projectId":"peakime","appId":"1:562322631061:web:644949376eaf184c28ae9c","databaseURL":"https://peakime-default-rtdb.firebaseio.com","storageBucket":"peakime.firebasestorage.app","apiKey":"AIzaSyBBSpbf8-e3VwIGCGhyhSeM3zh_QPGVUU4","authDomain":"peakime.firebaseapp.com","messagingSenderId":"562322631061","measurementId":"G-P0XRTQY11E","projectNumber":"562322631061","version":"2"}
[info] 
   Thank you for trying our early preview of Next.js support on Firebase Hosting.
   During the preview, support is best-effort and breaking changes can be expected. Proceed with caution.
   The integration is known to work with Next.js version 12 - 15.0. You may encounter errors.

   Documentation: https://firebase.google.com/docs/hosting/frameworks/nextjs
   File a bug: https://github.com/firebase/firebase-tools/issues/new?template=bug_report.md
   Submit a feature request: https://github.com/firebase/firebase-tools/issues/new?template=feature_request.md

   We'd love to learn from you. Express your interest in helping us shape the future of Firebase Hosting: https://goo.gle/41enW5X

[debug] [2025-11-07T06:08:37.661Z] Checked if tokens are valid: true, expires at: 1762498193671
[debug] [2025-11-07T06:08:37.662Z] Checked if tokens are valid: true, expires at: 1762498193671
[debug] [2025-11-07T06:08:37.662Z] >>> [apiv2][query] GET https://firebasehosting.googleapis.com/v1beta1/projects/peakime/sites/peakime [none]
[debug] [2025-11-07T06:08:38.528Z] <<< [apiv2][status] GET https://firebasehosting.googleapis.com/v1beta1/projects/peakime/sites/peakime 200
[debug] [2025-11-07T06:08:38.528Z] <<< [apiv2][body] GET https://firebasehosting.googleapis.com/v1beta1/projects/peakime/sites/peakime {"name":"projects/peakime/sites/peakime","defaultUrl":"https://peakime.web.app","appId":"1:562322631061:web:644949376eaf184c28ae9c","type":"DEFAULT_SITE"}
[info]    ▲ Next.js 15.5.6

[info]    - Experiments (use with caution):
     · serverActions


[info]    Creating an optimized production build ...

[info]  ⚠ Found lockfile missing swc dependencies, patching...

[info]  ⚠ Lockfile was successfully patched, please run "npm install" to ensure @next/swc dependencies are downloaded

[info]  ✓ Compiled successfully in 4.2s

[info]    Linting and checking validity of types ...

[info] Failed to compile.


[info] ./app/(main)/checkout/page.tsx:74:35
Type error: Property 'productId' does not exist on type 'CartItem'.

  72 |         {
  73 |           items: cartItems.map(item => ({
> 74 |             _id: item._id || item.productId,
     |                                   ^
  75 |             productId: item._id || item.productId,
  76 |             quantity: item.quantity,
  77 |           })),

[info] Next.js build worker exited with code: 1 and signal: null

[debug] [2025-11-07T06:08:56.185Z] Error: ENOENT: no such file or directory, open 'D:\peakime-store\.next\export-marker.json'
[error] 
[error] Error: An unexpected error has occurred.
