[debug] [2025-11-06T19:03:06.096Z] ----------------------------------------------------------------------
[debug] [2025-11-06T19:03:06.099Z] Command:       C:\Program Files\nodejs\node.exe C:\Users\Google\AppData\Roaming\npm\node_modules\firebase-tools\lib\bin\firebase.js init
[debug] [2025-11-06T19:03:06.100Z] CLI Version:   14.24.0
[debug] [2025-11-06T19:03:06.100Z] Platform:      win32
[debug] [2025-11-06T19:03:06.100Z] Node Version:  v22.20.0
[debug] [2025-11-06T19:03:06.101Z] Time:          Fri Nov 07 2025 00:33:06 GMT+0530 (India Standard Time)
[debug] [2025-11-06T19:03:06.101Z] ----------------------------------------------------------------------
[debug] 
[info] 
     ######## #### ########  ######## ########     ###     ######  ########
     ##        ##  ##     ## ##       ##     ##  ##   ##  ##       ##
     ######    ##  ########  ######   ########  #########  ######  ######
     ##        ##  ##    ##  ##       ##     ## ##     ##       ## ##
     ##       #### ##     ## ######## ########  ##     ##  ######  ########

You're about to initialize a Firebase project in this directory:

  D:\peakime-store\firebase

Before we get started, keep in mind:

  * You are initializing within an existing Firebase project directory

[info] 
=== Project Setup
[info] 
[info] First, let's associate this project directory with a Firebase project.
[info] You can create multiple project aliases by running firebase use --add, 
[info] 
[debug] [2025-11-06T19:03:56.182Z] > command requires scopes: ["email","openid","https://www.googleapis.com/auth/cloudplatformprojects.readonly","https://www.googleapis.com/auth/firebase","https://www.googleapis.com/auth/cloud-platform"]
[debug] [2025-11-06T19:03:56.182Z] > authorizing via signed-in user (peakimellp@gmail.com)
[debug] [2025-11-06T19:03:56.183Z] Checked if tokens are valid: true, expires at: 1762458343744
[debug] [2025-11-06T19:03:56.183Z] Checked if tokens are valid: true, expires at: 1762458343744
[debug] [2025-11-06T19:03:56.185Z] >>> [apiv2][query] GET https://firebase.googleapis.com/v1beta1/projects/peakime [none]
[debug] [2025-11-06T19:03:56.967Z] <<< [apiv2][status] GET https://firebase.googleapis.com/v1beta1/projects/peakime 200
[debug] [2025-11-06T19:03:56.968Z] <<< [apiv2][body] GET https://firebase.googleapis.com/v1beta1/projects/peakime {"projectId":"peakime","projectNumber":"562322631061","displayName":"PEAKIME","name":"projects/peakime","resources":{"hostingSite":"peakime","realtimeDatabaseInstance":"peakime-default-rtdb"},"state":"ACTIVE","etag":"1_9a6cc752-c658-4d7d-b29a-df021f7c95c3"}
[info] i  Using project peakime (PEAKIME) . 
[info] 
=== Hosting Setup
[debug] [2025-11-06T19:03:56.977Z] Checked if tokens are valid: true, expires at: 1762458343744
[debug] [2025-11-06T19:03:56.977Z] Checked if tokens are valid: true, expires at: 1762458343744
[debug] [2025-11-06T19:03:56.977Z] >>> [apiv2][query] GET https://firebase.googleapis.com/v1beta1/projects/peakime [none]
[debug] [2025-11-06T19:03:57.648Z] <<< [apiv2][status] GET https://firebase.googleapis.com/v1beta1/projects/peakime 200
[debug] [2025-11-06T19:03:57.648Z] <<< [apiv2][body] GET https://firebase.googleapis.com/v1beta1/projects/peakime {"projectId":"peakime","projectNumber":"562322631061","displayName":"PEAKIME","name":"projects/peakime","resources":{"hostingSite":"peakime","realtimeDatabaseInstance":"peakime-default-rtdb"},"state":"ACTIVE","etag":"1_9a6cc752-c658-4d7d-b29a-df021f7c95c3"}
[info] 
[info] i  Didn't detect a .git folder. Assuming D:\peakime-store\firebase is the project root. 
[info] i  Authorizing with GitHub to upload your service account to a GitHub repository's secrets store. 
[info] 
[info] Visit this URL on this device to log in:
[info] https://github.com/login/oauth/authorize?client_id=89cf50f02ac6aaed3484&state=915192758&redirect_uri=http%3A%2F%2Flocalhost%3A9005&scope=read%3Auser%20repo%20public_repo
[info] 
[info] Waiting for authentication...
[debug] [2025-11-06T19:07:10.135Z] >>> [apiv2][query] POST https://github.com/login/oauth/access_token [none]
[debug] [2025-11-06T19:07:10.135Z] >>> [apiv2][body] POST https://github.com/login/oauth/access_token [stream]
[debug] [2025-11-06T19:07:10.736Z] <<< [apiv2][status] POST https://github.com/login/oauth/access_token 200
[debug] [2025-11-06T19:07:10.736Z] <<< [apiv2][body] POST https://github.com/login/oauth/access_token {"access_token":"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","token_type":"bearer","scope":"read:user,repo"}
[debug] [2025-11-06T19:07:10.740Z] >>> [apiv2][query] GET https://api.github.com/user [none]
[debug] [2025-11-06T19:07:11.295Z] <<< [apiv2][status] GET https://api.github.com/user 200
[debug] [2025-11-06T19:07:11.295Z] <<< [apiv2][body] GET https://api.github.com/user {"login":"Revanth264","id":174926634,"node_id":"U_kgDOCm0rKg","avatar_url":"https://avatars.githubusercontent.com/u/174926634?v=4","gravatar_id":"","url":"https://api.github.com/users/Revanth264","html_url":"https://github.com/Revanth264","followers_url":"https://api.github.com/users/Revanth264/followers","following_url":"https://api.github.com/users/Revanth264/following{/other_user}","gists_url":"https://api.github.com/users/Revanth264/gists{/gist_id}","starred_url":"https://api.github.com/users/Revanth264/starred{/owner}{/repo}","subscriptions_url":"https://api.github.com/users/Revanth264/subscriptions","organizations_url":"https://api.github.com/users/Revanth264/orgs","repos_url":"https://api.github.com/users/Revanth264/repos","events_url":"https://api.github.com/users/Revanth264/events{/privacy}","received_events_url":"https://api.github.com/users/Revanth264/received_events","type":"User","user_view_type":"private","site_admin":false,"name":"Revanth Chowdhary","company":null,"blog":"","location":null,"email":null,"hireable":null,"bio":"I am an enthusiast and Researcher of emerging technologies and trying to create a good product that can greatly impact society in a greater way to help everyone","twitter_username":null,"notification_email":null,"public_repos":4,"public_gists":0,"followers":0,"following":1,"created_at":"2024-07-07T06:39:26Z","updated_at":"2025-10-25T12:44:02Z","private_gists":0,"total_private_repos":1,"owned_private_repos":1,"disk_usage":945,"collaborators":0,"two_factor_authentication":false,"plan":{"name":"free","space":976562499,"collaborators":0,"private_repos":10000}}
[info] 
[info] +  Success! Logged into GitHub as Revanth264 
[info] 
